<?xml version="1.0" encoding="UTF-8"?>
<!-- Generated by org.testng.reporters.JUnitXMLReporter -->
<testsuite ignored="0" hostname="LAPTOP-C1J829AO" failures="0" tests="6" name="Default test" time="69.932" errors="0" timestamp="2022-08-30T10:50:17 IST">
  <testcase classname="test.HomePageTest" name="SearchStockAndClickAddToWatchlist" time="4.962"/>
  <testcase classname="test.HomePageTest" name="SearchStockAndClickBuy" time="3.608"/>
  <testcase classname="test.HomePageTest" name="SearchStockAndClickChart" time="3.239"/>
  <testcase classname="test.HomePageTest" name="SearchStockAndClickMarketDepth" time="5.922"/>
  <testcase classname="test.HomePageTest" name="SearchStockAndClickSell" time="4.836"/>
  <testcase classname="test.HomePageTest" name="SearchStockTest" time="6.249"/>
</testsuite> <!-- Default test -->
